<?xml version="1.0" encoding="UTF-8"?>
<testng-results ignored="0" total="1" passed="1" failed="0" skipped="0">
  <reporter-output>
  </reporter-output>
  <suite started-at="2021-07-17T19:01:05 IST" name="inetbanking_v2" finished-at="2021-07-17T19:01:29 IST" duration-ms="23933">
    <groups>
    </groups>
    <test started-at="2021-07-17T19:01:05 IST" name="chrometest" finished-at="2021-07-17T19:01:29 IST" duration-ms="23933">
      <class name="pom_testcases.TestCase_03">
        <test-method is-config="true" signature="setup(java.lang.String)[pri:0, instance:pom_testcases.TestCase_03@49912c99]" started-at="2021-07-17T19:01:06 IST" name="setup" finished-at="2021-07-17T19:01:11 IST" duration-ms="4657" status="PASS">
          <params>
            <param index="0">
              <value>
                <![CDATA[chrome]]>
              </value>
            </param>
          </params>
          <reporter-output>
          </reporter-output>
        </test-method> <!-- setup -->
        <test-method signature="addNewCustomer()[pri:0, instance:pom_testcases.TestCase_03@49912c99]" started-at="2021-07-17T19:01:11 IST" name="addNewCustomer" finished-at="2021-07-17T19:01:29 IST" duration-ms="18475" status="PASS">
          <reporter-output>
          </reporter-output>
        </test-method> <!-- addNewCustomer -->
        <test-method is-config="true" signature="tearup()[pri:0, instance:pom_testcases.TestCase_03@49912c99]" started-at="2021-07-17T19:01:29 IST" name="tearup" finished-at="2021-07-17T19:01:29 IST" duration-ms="96" status="PASS">
          <reporter-output>
          </reporter-output>
        </test-method> <!-- tearup -->
      </class> <!-- pom_testcases.TestCase_03 -->
    </test> <!-- chrometest -->
  </suite> <!-- inetbanking_v2 -->
</testng-results>
