<?xml version="1.0" encoding="UTF-8"?>
<testng-results ignored="0" total="1" passed="1" failed="0" skipped="0">
  <reporter-output>
  </reporter-output>
  <suite started-at="2021-07-16T11:32:04 IST" name="inetbanking_v2" finished-at="2021-07-16T11:32:29 IST" duration-ms="24865">
    <groups>
    </groups>
    <test started-at="2021-07-16T11:32:04 IST" name="chrometest" finished-at="2021-07-16T11:32:29 IST" duration-ms="24865">
      <class name="pom_testcases.TestCase_03">
        <test-method is-config="true" signature="setup(java.lang.String)[pri:0, instance:pom_testcases.TestCase_03@52bf72b5]" started-at="2021-07-16T11:32:05 IST" name="setup" finished-at="2021-07-16T11:32:10 IST" duration-ms="4509" status="PASS">
          <params>
            <param index="0">
              <value>
                <![CDATA[chrome]]>
              </value>
            </param>
          </params>
          <reporter-output>
          </reporter-output>
        </test-method> <!-- setup -->
        <test-method signature="addNewCustomer()[pri:0, instance:pom_testcases.TestCase_03@52bf72b5]" started-at="2021-07-16T11:32:10 IST" name="addNewCustomer" finished-at="2021-07-16T11:32:29 IST" duration-ms="19496" status="PASS">
          <reporter-output>
          </reporter-output>
        </test-method> <!-- addNewCustomer -->
        <test-method is-config="true" signature="tearup()[pri:0, instance:pom_testcases.TestCase_03@52bf72b5]" started-at="2021-07-16T11:32:29 IST" name="tearup" finished-at="2021-07-16T11:32:29 IST" duration-ms="134" status="PASS">
          <reporter-output>
          </reporter-output>
        </test-method> <!-- tearup -->
      </class> <!-- pom_testcases.TestCase_03 -->
    </test> <!-- chrometest -->
  </suite> <!-- inetbanking_v2 -->
</testng-results>
